2026-01-23 16:38:58 [ERROR] [task_manager:log_resource_usage:154] [Thread-2 (_monitor_resources)] 获取资源使用情况失败: No module named 'psutil'
2026-01-23 16:38:58 [ERROR] [task_manager:log_resource_usage:154] [Thread-2 (_monitor_resources)] 获取资源使用情况失败: No module named 'psutil'
2026-01-23 16:39:58 [ERROR] [task_manager:log_resource_usage:154] [Thread-2 (_monitor_resources)] 获取资源使用情况失败: No module named 'psutil'
2026-01-23 16:39:58 [ERROR] [task_manager:log_resource_usage:154] [Thread-2 (_monitor_resources)] 获取资源使用情况失败: No module named 'psutil'
2026-01-23 16:40:58 [ERROR] [task_manager:log_resource_usage:154] [Thread-2 (_monitor_resources)] 获取资源使用情况失败: No module named 'psutil'
2026-01-23 16:40:58 [ERROR] [task_manager:log_resource_usage:154] [Thread-2 (_monitor_resources)] 获取资源使用情况失败: No module named 'psutil'
2026-01-23 16:41:58 [ERROR] [task_manager:log_resource_usage:154] [Thread-2 (_monitor_resources)] 获取资源使用情况失败: No module named 'psutil'
2026-01-23 16:41:58 [ERROR] [task_manager:log_resource_usage:154] [Thread-2 (_monitor_resources)] 获取资源使用情况失败: No module named 'psutil'
2026-01-23 16:42:58 [ERROR] [task_manager:log_resource_usage:154] [Thread-2 (_monitor_resources)] 获取资源使用情况失败: No module named 'psutil'
2026-01-23 16:42:58 [ERROR] [task_manager:log_resource_usage:154] [Thread-2 (_monitor_resources)] 获取资源使用情况失败: No module named 'psutil'
2026-01-23 16:43:58 [ERROR] [task_manager:log_resource_usage:154] [Thread-2 (_monitor_resources)] 获取资源使用情况失败: No module named 'psutil'
2026-01-23 16:43:58 [ERROR] [task_manager:log_resource_usage:154] [Thread-2 (_monitor_resources)] 获取资源使用情况失败: No module named 'psutil'
2026-01-23 16:44:58 [ERROR] [task_manager:log_resource_usage:154] [Thread-2 (_monitor_resources)] 获取资源使用情况失败: No module named 'psutil'
2026-01-23 16:44:58 [ERROR] [task_manager:log_resource_usage:154] [Thread-2 (_monitor_resources)] 获取资源使用情况失败: No module named 'psutil'
2026-01-23 16:45:58 [ERROR] [task_manager:log_resource_usage:154] [Thread-2 (_monitor_resources)] 获取资源使用情况失败: No module named 'psutil'
2026-01-23 16:45:58 [ERROR] [task_manager:log_resource_usage:154] [Thread-2 (_monitor_resources)] 获取资源使用情况失败: No module named 'psutil'
2026-01-23 16:46:58 [ERROR] [task_manager:log_resource_usage:154] [Thread-2 (_monitor_resources)] 获取资源使用情况失败: No module named 'psutil'
2026-01-23 16:46:58 [ERROR] [task_manager:log_resource_usage:154] [Thread-2 (_monitor_resources)] 获取资源使用情况失败: No module named 'psutil'
2026-01-23 16:47:58 [ERROR] [task_manager:log_resource_usage:154] [Thread-2 (_monitor_resources)] 获取资源使用情况失败: No module named 'psutil'
2026-01-23 16:47:58 [ERROR] [task_manager:log_resource_usage:154] [Thread-2 (_monitor_resources)] 获取资源使用情况失败: No module named 'psutil'
2026-01-23 16:48:58 [ERROR] [task_manager:log_resource_usage:154] [Thread-2 (_monitor_resources)] 获取资源使用情况失败: No module named 'psutil'
2026-01-23 16:48:58 [ERROR] [task_manager:log_resource_usage:154] [Thread-2 (_monitor_resources)] 获取资源使用情况失败: No module named 'psutil'
2026-01-23 16:49:58 [ERROR] [task_manager:log_resource_usage:154] [Thread-2 (_monitor_resources)] 获取资源使用情况失败: No module named 'psutil'
2026-01-23 16:49:58 [ERROR] [task_manager:log_resource_usage:154] [Thread-2 (_monitor_resources)] 获取资源使用情况失败: No module named 'psutil'
2026-01-23 16:50:58 [ERROR] [task_manager:log_resource_usage:154] [Thread-2 (_monitor_resources)] 获取资源使用情况失败: No module named 'psutil'
2026-01-23 16:50:58 [ERROR] [task_manager:log_resource_usage:154] [Thread-2 (_monitor_resources)] 获取资源使用情况失败: No module named 'psutil'
2026-01-23 16:51:58 [ERROR] [task_manager:log_resource_usage:154] [Thread-2 (_monitor_resources)] 获取资源使用情况失败: No module named 'psutil'
2026-01-23 16:51:58 [ERROR] [task_manager:log_resource_usage:154] [Thread-2 (_monitor_resources)] 获取资源使用情况失败: No module named 'psutil'
2026-01-23 16:52:58 [ERROR] [task_manager:log_resource_usage:154] [Thread-2 (_monitor_resources)] 获取资源使用情况失败: No module named 'psutil'
2026-01-23 16:52:58 [ERROR] [task_manager:log_resource_usage:154] [Thread-2 (_monitor_resources)] 获取资源使用情况失败: No module named 'psutil'
2026-01-23 16:53:58 [ERROR] [task_manager:log_resource_usage:154] [Thread-2 (_monitor_resources)] 获取资源使用情况失败: No module named 'psutil'
2026-01-23 16:53:58 [ERROR] [task_manager:log_resource_usage:154] [Thread-2 (_monitor_resources)] 获取资源使用情况失败: No module named 'psutil'
2026-01-23 16:54:58 [ERROR] [task_manager:log_resource_usage:154] [Thread-2 (_monitor_resources)] 获取资源使用情况失败: No module named 'psutil'
2026-01-23 16:54:58 [ERROR] [task_manager:log_resource_usage:154] [Thread-2 (_monitor_resources)] 获取资源使用情况失败: No module named 'psutil'
2026-01-23 16:55:58 [ERROR] [task_manager:log_resource_usage:154] [Thread-2 (_monitor_resources)] 获取资源使用情况失败: No module named 'psutil'
2026-01-23 16:55:58 [ERROR] [task_manager:log_resource_usage:154] [Thread-2 (_monitor_resources)] 获取资源使用情况失败: No module named 'psutil'
2026-01-23 16:56:58 [ERROR] [task_manager:log_resource_usage:154] [Thread-2 (_monitor_resources)] 获取资源使用情况失败: No module named 'psutil'
2026-01-23 16:56:58 [ERROR] [task_manager:log_resource_usage:154] [Thread-2 (_monitor_resources)] 获取资源使用情况失败: No module named 'psutil'
2026-01-23 16:57:58 [ERROR] [task_manager:log_resource_usage:154] [Thread-2 (_monitor_resources)] 获取资源使用情况失败: No module named 'psutil'
2026-01-23 16:57:58 [ERROR] [task_manager:log_resource_usage:154] [Thread-2 (_monitor_resources)] 获取资源使用情况失败: No module named 'psutil'
2026-01-23 16:58:58 [ERROR] [task_manager:log_resource_usage:154] [Thread-2 (_monitor_resources)] 获取资源使用情况失败: No module named 'psutil'
2026-01-23 16:58:58 [ERROR] [task_manager:log_resource_usage:154] [Thread-2 (_monitor_resources)] 获取资源使用情况失败: No module named 'psutil'
2026-01-23 16:59:58 [ERROR] [task_manager:log_resource_usage:154] [Thread-2 (_monitor_resources)] 获取资源使用情况失败: No module named 'psutil'
2026-01-23 16:59:58 [ERROR] [task_manager:log_resource_usage:154] [Thread-2 (_monitor_resources)] 获取资源使用情况失败: No module named 'psutil'
2026-01-23 17:00:58 [ERROR] [task_manager:log_resource_usage:154] [Thread-2 (_monitor_resources)] 获取资源使用情况失败: No module named 'psutil'
2026-01-23 17:00:58 [ERROR] [task_manager:log_resource_usage:154] [Thread-2 (_monitor_resources)] 获取资源使用情况失败: No module named 'psutil'
2026-01-23 17:01:58 [ERROR] [task_manager:log_resource_usage:154] [Thread-2 (_monitor_resources)] 获取资源使用情况失败: No module named 'psutil'
2026-01-23 17:01:58 [ERROR] [task_manager:log_resource_usage:154] [Thread-2 (_monitor_resources)] 获取资源使用情况失败: No module named 'psutil'
2026-01-23 17:02:58 [ERROR] [task_manager:log_resource_usage:154] [Thread-2 (_monitor_resources)] 获取资源使用情况失败: No module named 'psutil'
2026-01-23 17:02:58 [ERROR] [task_manager:log_resource_usage:154] [Thread-2 (_monitor_resources)] 获取资源使用情况失败: No module named 'psutil'
2026-01-23 17:03:58 [ERROR] [task_manager:log_resource_usage:154] [Thread-2 (_monitor_resources)] 获取资源使用情况失败: No module named 'psutil'
2026-01-23 17:03:58 [ERROR] [task_manager:log_resource_usage:154] [Thread-2 (_monitor_resources)] 获取资源使用情况失败: No module named 'psutil'
2026-01-23 17:04:58 [ERROR] [task_manager:log_resource_usage:154] [Thread-2 (_monitor_resources)] 获取资源使用情况失败: No module named 'psutil'
2026-01-23 17:04:58 [ERROR] [task_manager:log_resource_usage:154] [Thread-2 (_monitor_resources)] 获取资源使用情况失败: No module named 'psutil'
2026-01-23 17:05:58 [ERROR] [task_manager:log_resource_usage:154] [Thread-2 (_monitor_resources)] 获取资源使用情况失败: No module named 'psutil'
2026-01-23 17:05:58 [ERROR] [task_manager:log_resource_usage:154] [Thread-2 (_monitor_resources)] 获取资源使用情况失败: No module named 'psutil'
2026-01-23 17:06:58 [ERROR] [task_manager:log_resource_usage:154] [Thread-2 (_monitor_resources)] 获取资源使用情况失败: No module named 'psutil'
2026-01-23 17:06:58 [ERROR] [task_manager:log_resource_usage:154] [Thread-2 (_monitor_resources)] 获取资源使用情况失败: No module named 'psutil'
2026-01-23 17:07:58 [ERROR] [task_manager:log_resource_usage:154] [Thread-2 (_monitor_resources)] 获取资源使用情况失败: No module named 'psutil'
2026-01-23 17:07:58 [ERROR] [task_manager:log_resource_usage:154] [Thread-2 (_monitor_resources)] 获取资源使用情况失败: No module named 'psutil'
2026-01-23 17:08:58 [ERROR] [task_manager:log_resource_usage:154] [Thread-2 (_monitor_resources)] 获取资源使用情况失败: No module named 'psutil'
2026-01-23 17:08:58 [ERROR] [task_manager:log_resource_usage:154] [Thread-2 (_monitor_resources)] 获取资源使用情况失败: No module named 'psutil'
2026-01-23 17:09:58 [ERROR] [task_manager:log_resource_usage:154] [Thread-2 (_monitor_resources)] 获取资源使用情况失败: No module named 'psutil'
2026-01-23 17:09:58 [ERROR] [task_manager:log_resource_usage:154] [Thread-2 (_monitor_resources)] 获取资源使用情况失败: No module named 'psutil'
2026-01-23 17:10:59 [ERROR] [task_manager:log_resource_usage:154] [Thread-2 (_monitor_resources)] 获取资源使用情况失败: No module named 'psutil'
2026-01-23 17:10:59 [ERROR] [task_manager:log_resource_usage:154] [Thread-2 (_monitor_resources)] 获取资源使用情况失败: No module named 'psutil'
2026-01-23 17:11:59 [ERROR] [task_manager:log_resource_usage:154] [Thread-2 (_monitor_resources)] 获取资源使用情况失败: No module named 'psutil'
2026-01-23 17:11:59 [ERROR] [task_manager:log_resource_usage:154] [Thread-2 (_monitor_resources)] 获取资源使用情况失败: No module named 'psutil'
2026-01-23 17:12:59 [ERROR] [task_manager:log_resource_usage:154] [Thread-2 (_monitor_resources)] 获取资源使用情况失败: No module named 'psutil'
2026-01-23 17:12:59 [ERROR] [task_manager:log_resource_usage:154] [Thread-2 (_monitor_resources)] 获取资源使用情况失败: No module named 'psutil'
2026-01-23 17:13:59 [ERROR] [task_manager:log_resource_usage:154] [Thread-2 (_monitor_resources)] 获取资源使用情况失败: No module named 'psutil'
2026-01-23 17:13:59 [ERROR] [task_manager:log_resource_usage:154] [Thread-2 (_monitor_resources)] 获取资源使用情况失败: No module named 'psutil'
2026-01-23 17:14:59 [ERROR] [task_manager:log_resource_usage:154] [Thread-2 (_monitor_resources)] 获取资源使用情况失败: No module named 'psutil'
2026-01-23 17:14:59 [ERROR] [task_manager:log_resource_usage:154] [Thread-2 (_monitor_resources)] 获取资源使用情况失败: No module named 'psutil'
2026-01-23 17:15:59 [ERROR] [task_manager:log_resource_usage:154] [Thread-2 (_monitor_resources)] 获取资源使用情况失败: No module named 'psutil'
2026-01-23 17:15:59 [ERROR] [task_manager:log_resource_usage:154] [Thread-2 (_monitor_resources)] 获取资源使用情况失败: No module named 'psutil'
2026-01-23 17:16:59 [ERROR] [task_manager:log_resource_usage:154] [Thread-2 (_monitor_resources)] 获取资源使用情况失败: No module named 'psutil'
2026-01-23 17:16:59 [ERROR] [task_manager:log_resource_usage:154] [Thread-2 (_monitor_resources)] 获取资源使用情况失败: No module named 'psutil'
2026-01-23 17:17:59 [ERROR] [task_manager:log_resource_usage:154] [Thread-2 (_monitor_resources)] 获取资源使用情况失败: No module named 'psutil'
2026-01-23 17:17:59 [ERROR] [task_manager:log_resource_usage:154] [Thread-2 (_monitor_resources)] 获取资源使用情况失败: No module named 'psutil'
2026-01-23 17:18:59 [ERROR] [task_manager:log_resource_usage:154] [Thread-2 (_monitor_resources)] 获取资源使用情况失败: No module named 'psutil'
2026-01-23 17:18:59 [ERROR] [task_manager:log_resource_usage:154] [Thread-2 (_monitor_resources)] 获取资源使用情况失败: No module named 'psutil'
2026-01-23 17:19:59 [ERROR] [task_manager:log_resource_usage:154] [Thread-2 (_monitor_resources)] 获取资源使用情况失败: No module named 'psutil'
2026-01-23 17:19:59 [ERROR] [task_manager:log_resource_usage:154] [Thread-2 (_monitor_resources)] 获取资源使用情况失败: No module named 'psutil'
2026-01-23 17:20:59 [ERROR] [task_manager:log_resource_usage:154] [Thread-2 (_monitor_resources)] 获取资源使用情况失败: No module named 'psutil'
2026-01-23 17:20:59 [ERROR] [task_manager:log_resource_usage:154] [Thread-2 (_monitor_resources)] 获取资源使用情况失败: No module named 'psutil'
2026-01-23 17:21:59 [ERROR] [task_manager:log_resource_usage:154] [Thread-2 (_monitor_resources)] 获取资源使用情况失败: No module named 'psutil'
2026-01-23 17:21:59 [ERROR] [task_manager:log_resource_usage:154] [Thread-2 (_monitor_resources)] 获取资源使用情况失败: No module named 'psutil'
2026-01-23 17:22:59 [ERROR] [task_manager:log_resource_usage:154] [Thread-2 (_monitor_resources)] 获取资源使用情况失败: No module named 'psutil'
2026-01-23 17:22:59 [ERROR] [task_manager:log_resource_usage:154] [Thread-2 (_monitor_resources)] 获取资源使用情况失败: No module named 'psutil'
2026-01-23 17:23:59 [ERROR] [task_manager:log_resource_usage:154] [Thread-2 (_monitor_resources)] 获取资源使用情况失败: No module named 'psutil'
2026-01-23 17:23:59 [ERROR] [task_manager:log_resource_usage:154] [Thread-2 (_monitor_resources)] 获取资源使用情况失败: No module named 'psutil'
2026-01-23 17:24:59 [ERROR] [task_manager:log_resource_usage:154] [Thread-2 (_monitor_resources)] 获取资源使用情况失败: No module named 'psutil'
2026-01-23 17:24:59 [ERROR] [task_manager:log_resource_usage:154] [Thread-2 (_monitor_resources)] 获取资源使用情况失败: No module named 'psutil'
2026-01-23 17:25:59 [ERROR] [task_manager:log_resource_usage:154] [Thread-2 (_monitor_resources)] 获取资源使用情况失败: No module named 'psutil'
2026-01-23 17:25:59 [ERROR] [task_manager:log_resource_usage:154] [Thread-2 (_monitor_resources)] 获取资源使用情况失败: No module named 'psutil'
2026-01-23 17:26:59 [ERROR] [task_manager:log_resource_usage:154] [Thread-2 (_monitor_resources)] 获取资源使用情况失败: No module named 'psutil'
2026-01-23 17:26:59 [ERROR] [task_manager:log_resource_usage:154] [Thread-2 (_monitor_resources)] 获取资源使用情况失败: No module named 'psutil'
2026-01-23 17:27:59 [ERROR] [task_manager:log_resource_usage:154] [Thread-2 (_monitor_resources)] 获取资源使用情况失败: No module named 'psutil'
2026-01-23 17:27:59 [ERROR] [task_manager:log_resource_usage:154] [Thread-2 (_monitor_resources)] 获取资源使用情况失败: No module named 'psutil'
2026-01-23 17:28:59 [ERROR] [task_manager:log_resource_usage:154] [Thread-2 (_monitor_resources)] 获取资源使用情况失败: No module named 'psutil'
2026-01-23 17:28:59 [ERROR] [task_manager:log_resource_usage:154] [Thread-2 (_monitor_resources)] 获取资源使用情况失败: No module named 'psutil'
2026-01-23 17:29:59 [ERROR] [task_manager:log_resource_usage:154] [Thread-2 (_monitor_resources)] 获取资源使用情况失败: No module named 'psutil'
2026-01-23 17:29:59 [ERROR] [task_manager:log_resource_usage:154] [Thread-2 (_monitor_resources)] 获取资源使用情况失败: No module named 'psutil'
2026-01-23 17:30:59 [ERROR] [task_manager:log_resource_usage:154] [Thread-2 (_monitor_resources)] 获取资源使用情况失败: No module named 'psutil'
2026-01-23 17:30:59 [ERROR] [task_manager:log_resource_usage:154] [Thread-2 (_monitor_resources)] 获取资源使用情况失败: No module named 'psutil'
2026-01-23 17:31:59 [ERROR] [task_manager:log_resource_usage:154] [Thread-2 (_monitor_resources)] 获取资源使用情况失败: No module named 'psutil'
2026-01-23 17:31:59 [ERROR] [task_manager:log_resource_usage:154] [Thread-2 (_monitor_resources)] 获取资源使用情况失败: No module named 'psutil'
2026-01-23 17:32:59 [ERROR] [task_manager:log_resource_usage:154] [Thread-2 (_monitor_resources)] 获取资源使用情况失败: No module named 'psutil'
2026-01-23 17:32:59 [ERROR] [task_manager:log_resource_usage:154] [Thread-2 (_monitor_resources)] 获取资源使用情况失败: No module named 'psutil'
2026-01-23 17:33:59 [ERROR] [task_manager:log_resource_usage:154] [Thread-2 (_monitor_resources)] 获取资源使用情况失败: No module named 'psutil'
2026-01-23 17:33:59 [ERROR] [task_manager:log_resource_usage:154] [Thread-2 (_monitor_resources)] 获取资源使用情况失败: No module named 'psutil'
2026-01-23 17:34:59 [ERROR] [task_manager:log_resource_usage:154] [Thread-2 (_monitor_resources)] 获取资源使用情况失败: No module named 'psutil'
2026-01-23 17:34:59 [ERROR] [task_manager:log_resource_usage:154] [Thread-2 (_monitor_resources)] 获取资源使用情况失败: No module named 'psutil'
2026-01-23 17:35:59 [ERROR] [task_manager:log_resource_usage:154] [Thread-2 (_monitor_resources)] 获取资源使用情况失败: No module named 'psutil'
2026-01-23 17:35:59 [ERROR] [task_manager:log_resource_usage:154] [Thread-2 (_monitor_resources)] 获取资源使用情况失败: No module named 'psutil'
2026-01-23 17:36:59 [ERROR] [task_manager:log_resource_usage:154] [Thread-2 (_monitor_resources)] 获取资源使用情况失败: No module named 'psutil'
2026-01-23 17:36:59 [ERROR] [task_manager:log_resource_usage:154] [Thread-2 (_monitor_resources)] 获取资源使用情况失败: No module named 'psutil'
2026-01-23 17:37:59 [ERROR] [task_manager:log_resource_usage:154] [Thread-2 (_monitor_resources)] 获取资源使用情况失败: No module named 'psutil'
2026-01-23 17:37:59 [ERROR] [task_manager:log_resource_usage:154] [Thread-2 (_monitor_resources)] 获取资源使用情况失败: No module named 'psutil'
2026-01-23 17:38:59 [ERROR] [task_manager:log_resource_usage:154] [Thread-2 (_monitor_resources)] 获取资源使用情况失败: No module named 'psutil'
2026-01-23 17:38:59 [ERROR] [task_manager:log_resource_usage:154] [Thread-2 (_monitor_resources)] 获取资源使用情况失败: No module named 'psutil'
2026-01-23 17:39:59 [ERROR] [task_manager:log_resource_usage:154] [Thread-2 (_monitor_resources)] 获取资源使用情况失败: No module named 'psutil'
2026-01-23 17:39:59 [ERROR] [task_manager:log_resource_usage:154] [Thread-2 (_monitor_resources)] 获取资源使用情况失败: No module named 'psutil'
2026-01-23 17:40:59 [ERROR] [task_manager:log_resource_usage:154] [Thread-2 (_monitor_resources)] 获取资源使用情况失败: No module named 'psutil'
2026-01-23 17:40:59 [ERROR] [task_manager:log_resource_usage:154] [Thread-2 (_monitor_resources)] 获取资源使用情况失败: No module named 'psutil'
2026-01-23 17:41:59 [ERROR] [task_manager:log_resource_usage:154] [Thread-2 (_monitor_resources)] 获取资源使用情况失败: No module named 'psutil'
2026-01-23 17:41:59 [ERROR] [task_manager:log_resource_usage:154] [Thread-2 (_monitor_resources)] 获取资源使用情况失败: No module named 'psutil'
2026-01-23 17:42:59 [ERROR] [task_manager:log_resource_usage:154] [Thread-2 (_monitor_resources)] 获取资源使用情况失败: No module named 'psutil'
2026-01-23 17:42:59 [ERROR] [task_manager:log_resource_usage:154] [Thread-2 (_monitor_resources)] 获取资源使用情况失败: No module named 'psutil'
2026-01-23 17:43:59 [ERROR] [task_manager:log_resource_usage:154] [Thread-2 (_monitor_resources)] 获取资源使用情况失败: No module named 'psutil'
2026-01-23 17:43:59 [ERROR] [task_manager:log_resource_usage:154] [Thread-2 (_monitor_resources)] 获取资源使用情况失败: No module named 'psutil'
2026-01-23 17:44:59 [ERROR] [task_manager:log_resource_usage:154] [Thread-2 (_monitor_resources)] 获取资源使用情况失败: No module named 'psutil'
2026-01-23 17:44:59 [ERROR] [task_manager:log_resource_usage:154] [Thread-2 (_monitor_resources)] 获取资源使用情况失败: No module named 'psutil'
2026-01-23 17:45:59 [ERROR] [task_manager:log_resource_usage:154] [Thread-2 (_monitor_resources)] 获取资源使用情况失败: No module named 'psutil'
2026-01-23 17:45:59 [ERROR] [task_manager:log_resource_usage:154] [Thread-2 (_monitor_resources)] 获取资源使用情况失败: No module named 'psutil'
2026-01-23 17:46:59 [ERROR] [task_manager:log_resource_usage:154] [Thread-2 (_monitor_resources)] 获取资源使用情况失败: No module named 'psutil'
2026-01-23 17:46:59 [ERROR] [task_manager:log_resource_usage:154] [Thread-2 (_monitor_resources)] 获取资源使用情况失败: No module named 'psutil'
2026-01-23 17:48:00 [ERROR] [task_manager:log_resource_usage:154] [Thread-2 (_monitor_resources)] 获取资源使用情况失败: No module named 'psutil'
2026-01-23 17:48:00 [ERROR] [task_manager:log_resource_usage:154] [Thread-2 (_monitor_resources)] 获取资源使用情况失败: No module named 'psutil'
2026-01-23 17:49:00 [ERROR] [task_manager:log_resource_usage:154] [Thread-2 (_monitor_resources)] 获取资源使用情况失败: No module named 'psutil'
2026-01-23 17:49:00 [ERROR] [task_manager:log_resource_usage:154] [Thread-2 (_monitor_resources)] 获取资源使用情况失败: No module named 'psutil'
2026-01-23 17:50:00 [ERROR] [task_manager:log_resource_usage:154] [Thread-2 (_monitor_resources)] 获取资源使用情况失败: No module named 'psutil'
2026-01-23 17:50:00 [ERROR] [task_manager:log_resource_usage:154] [Thread-2 (_monitor_resources)] 获取资源使用情况失败: No module named 'psutil'
2026-01-23 17:51:00 [ERROR] [task_manager:log_resource_usage:154] [Thread-2 (_monitor_resources)] 获取资源使用情况失败: No module named 'psutil'
2026-01-23 17:51:00 [ERROR] [task_manager:log_resource_usage:154] [Thread-2 (_monitor_resources)] 获取资源使用情况失败: No module named 'psutil'
2026-01-23 17:52:00 [ERROR] [task_manager:log_resource_usage:154] [Thread-2 (_monitor_resources)] 获取资源使用情况失败: No module named 'psutil'
2026-01-23 17:52:00 [ERROR] [task_manager:log_resource_usage:154] [Thread-2 (_monitor_resources)] 获取资源使用情况失败: No module named 'psutil'
2026-01-23 17:53:00 [ERROR] [task_manager:log_resource_usage:154] [Thread-2 (_monitor_resources)] 获取资源使用情况失败: No module named 'psutil'
2026-01-23 17:53:00 [ERROR] [task_manager:log_resource_usage:154] [Thread-2 (_monitor_resources)] 获取资源使用情况失败: No module named 'psutil'
2026-01-23 17:54:00 [ERROR] [task_manager:log_resource_usage:154] [Thread-2 (_monitor_resources)] 获取资源使用情况失败: No module named 'psutil'
2026-01-23 17:54:00 [ERROR] [task_manager:log_resource_usage:154] [Thread-2 (_monitor_resources)] 获取资源使用情况失败: No module named 'psutil'
2026-01-23 17:55:00 [ERROR] [task_manager:log_resource_usage:154] [Thread-2 (_monitor_resources)] 获取资源使用情况失败: No module named 'psutil'
2026-01-23 17:55:00 [ERROR] [task_manager:log_resource_usage:154] [Thread-2 (_monitor_resources)] 获取资源使用情况失败: No module named 'psutil'
2026-01-23 17:56:00 [ERROR] [task_manager:log_resource_usage:154] [Thread-2 (_monitor_resources)] 获取资源使用情况失败: No module named 'psutil'
2026-01-23 17:56:00 [ERROR] [task_manager:log_resource_usage:154] [Thread-2 (_monitor_resources)] 获取资源使用情况失败: No module named 'psutil'
2026-01-23 17:57:00 [ERROR] [task_manager:log_resource_usage:154] [Thread-2 (_monitor_resources)] 获取资源使用情况失败: No module named 'psutil'
2026-01-23 17:57:00 [ERROR] [task_manager:log_resource_usage:154] [Thread-2 (_monitor_resources)] 获取资源使用情况失败: No module named 'psutil'
2026-01-23 17:58:00 [ERROR] [task_manager:log_resource_usage:154] [Thread-2 (_monitor_resources)] 获取资源使用情况失败: No module named 'psutil'
2026-01-23 17:58:00 [ERROR] [task_manager:log_resource_usage:154] [Thread-2 (_monitor_resources)] 获取资源使用情况失败: No module named 'psutil'
2026-01-23 17:59:00 [ERROR] [task_manager:log_resource_usage:154] [Thread-2 (_monitor_resources)] 获取资源使用情况失败: No module named 'psutil'
2026-01-23 17:59:00 [ERROR] [task_manager:log_resource_usage:154] [Thread-2 (_monitor_resources)] 获取资源使用情况失败: No module named 'psutil'
2026-01-23 18:00:00 [ERROR] [task_manager:log_resource_usage:154] [Thread-2 (_monitor_resources)] 获取资源使用情况失败: No module named 'psutil'
2026-01-23 18:00:00 [ERROR] [task_manager:log_resource_usage:154] [Thread-2 (_monitor_resources)] 获取资源使用情况失败: No module named 'psutil'
2026-01-23 18:01:00 [ERROR] [task_manager:log_resource_usage:154] [Thread-2 (_monitor_resources)] 获取资源使用情况失败: No module named 'psutil'
2026-01-23 18:01:00 [ERROR] [task_manager:log_resource_usage:154] [Thread-2 (_monitor_resources)] 获取资源使用情况失败: No module named 'psutil'
2026-01-23 18:02:00 [ERROR] [task_manager:log_resource_usage:154] [Thread-2 (_monitor_resources)] 获取资源使用情况失败: No module named 'psutil'
2026-01-23 18:02:00 [ERROR] [task_manager:log_resource_usage:154] [Thread-2 (_monitor_resources)] 获取资源使用情况失败: No module named 'psutil'
2026-01-23 18:03:00 [ERROR] [task_manager:log_resource_usage:154] [Thread-2 (_monitor_resources)] 获取资源使用情况失败: No module named 'psutil'
2026-01-23 18:03:00 [ERROR] [task_manager:log_resource_usage:154] [Thread-2 (_monitor_resources)] 获取资源使用情况失败: No module named 'psutil'
2026-01-23 18:04:00 [ERROR] [task_manager:log_resource_usage:154] [Thread-2 (_monitor_resources)] 获取资源使用情况失败: No module named 'psutil'
2026-01-23 18:04:00 [ERROR] [task_manager:log_resource_usage:154] [Thread-2 (_monitor_resources)] 获取资源使用情况失败: No module named 'psutil'
2026-01-23 18:05:00 [ERROR] [task_manager:log_resource_usage:154] [Thread-2 (_monitor_resources)] 获取资源使用情况失败: No module named 'psutil'
2026-01-23 18:05:00 [ERROR] [task_manager:log_resource_usage:154] [Thread-2 (_monitor_resources)] 获取资源使用情况失败: No module named 'psutil'
2026-01-23 18:06:00 [ERROR] [task_manager:log_resource_usage:154] [Thread-2 (_monitor_resources)] 获取资源使用情况失败: No module named 'psutil'
2026-01-23 18:06:00 [ERROR] [task_manager:log_resource_usage:154] [Thread-2 (_monitor_resources)] 获取资源使用情况失败: No module named 'psutil'
2026-01-23 18:07:00 [ERROR] [task_manager:log_resource_usage:154] [Thread-2 (_monitor_resources)] 获取资源使用情况失败: No module named 'psutil'
2026-01-23 18:07:00 [ERROR] [task_manager:log_resource_usage:154] [Thread-2 (_monitor_resources)] 获取资源使用情况失败: No module named 'psutil'
2026-01-23 18:08:00 [ERROR] [task_manager:log_resource_usage:154] [Thread-2 (_monitor_resources)] 获取资源使用情况失败: No module named 'psutil'
2026-01-23 18:08:00 [ERROR] [task_manager:log_resource_usage:154] [Thread-2 (_monitor_resources)] 获取资源使用情况失败: No module named 'psutil'
2026-01-23 18:09:00 [ERROR] [task_manager:log_resource_usage:154] [Thread-2 (_monitor_resources)] 获取资源使用情况失败: No module named 'psutil'
2026-01-23 18:09:00 [ERROR] [task_manager:log_resource_usage:154] [Thread-2 (_monitor_resources)] 获取资源使用情况失败: No module named 'psutil'
2026-01-23 18:10:00 [ERROR] [task_manager:log_resource_usage:154] [Thread-2 (_monitor_resources)] 获取资源使用情况失败: No module named 'psutil'
2026-01-23 18:10:00 [ERROR] [task_manager:log_resource_usage:154] [Thread-2 (_monitor_resources)] 获取资源使用情况失败: No module named 'psutil'
2026-01-23 18:11:00 [ERROR] [task_manager:log_resource_usage:154] [Thread-2 (_monitor_resources)] 获取资源使用情况失败: No module named 'psutil'
2026-01-23 18:11:00 [ERROR] [task_manager:log_resource_usage:154] [Thread-2 (_monitor_resources)] 获取资源使用情况失败: No module named 'psutil'
2026-01-23 18:12:00 [ERROR] [task_manager:log_resource_usage:154] [Thread-2 (_monitor_resources)] 获取资源使用情况失败: No module named 'psutil'
2026-01-23 18:12:00 [ERROR] [task_manager:log_resource_usage:154] [Thread-2 (_monitor_resources)] 获取资源使用情况失败: No module named 'psutil'
2026-01-23 18:13:00 [ERROR] [task_manager:log_resource_usage:154] [Thread-2 (_monitor_resources)] 获取资源使用情况失败: No module named 'psutil'
2026-01-23 18:13:00 [ERROR] [task_manager:log_resource_usage:154] [Thread-2 (_monitor_resources)] 获取资源使用情况失败: No module named 'psutil'
2026-01-23 18:14:00 [ERROR] [task_manager:log_resource_usage:154] [Thread-2 (_monitor_resources)] 获取资源使用情况失败: No module named 'psutil'
2026-01-23 18:14:00 [ERROR] [task_manager:log_resource_usage:154] [Thread-2 (_monitor_resources)] 获取资源使用情况失败: No module named 'psutil'
2026-01-23 18:15:00 [ERROR] [task_manager:log_resource_usage:154] [Thread-2 (_monitor_resources)] 获取资源使用情况失败: No module named 'psutil'
2026-01-23 18:15:00 [ERROR] [task_manager:log_resource_usage:154] [Thread-2 (_monitor_resources)] 获取资源使用情况失败: No module named 'psutil'
2026-01-23 18:16:00 [ERROR] [task_manager:log_resource_usage:154] [Thread-2 (_monitor_resources)] 获取资源使用情况失败: No module named 'psutil'
2026-01-23 18:16:00 [ERROR] [task_manager:log_resource_usage:154] [Thread-2 (_monitor_resources)] 获取资源使用情况失败: No module named 'psutil'
2026-01-23 18:17:00 [ERROR] [task_manager:log_resource_usage:154] [Thread-2 (_monitor_resources)] 获取资源使用情况失败: No module named 'psutil'
2026-01-23 18:17:00 [ERROR] [task_manager:log_resource_usage:154] [Thread-2 (_monitor_resources)] 获取资源使用情况失败: No module named 'psutil'
2026-01-23 18:18:00 [ERROR] [task_manager:log_resource_usage:154] [Thread-2 (_monitor_resources)] 获取资源使用情况失败: No module named 'psutil'
2026-01-23 18:18:00 [ERROR] [task_manager:log_resource_usage:154] [Thread-2 (_monitor_resources)] 获取资源使用情况失败: No module named 'psutil'
2026-01-23 18:19:00 [ERROR] [task_manager:log_resource_usage:154] [Thread-2 (_monitor_resources)] 获取资源使用情况失败: No module named 'psutil'
2026-01-23 18:19:00 [ERROR] [task_manager:log_resource_usage:154] [Thread-2 (_monitor_resources)] 获取资源使用情况失败: No module named 'psutil'
2026-01-23 18:20:00 [ERROR] [task_manager:log_resource_usage:154] [Thread-2 (_monitor_resources)] 获取资源使用情况失败: No module named 'psutil'
2026-01-23 18:20:00 [ERROR] [task_manager:log_resource_usage:154] [Thread-2 (_monitor_resources)] 获取资源使用情况失败: No module named 'psutil'
2026-01-23 18:21:00 [ERROR] [task_manager:log_resource_usage:154] [Thread-2 (_monitor_resources)] 获取资源使用情况失败: No module named 'psutil'
2026-01-23 18:21:00 [ERROR] [task_manager:log_resource_usage:154] [Thread-2 (_monitor_resources)] 获取资源使用情况失败: No module named 'psutil'
2026-01-23 18:22:00 [ERROR] [task_manager:log_resource_usage:154] [Thread-2 (_monitor_resources)] 获取资源使用情况失败: No module named 'psutil'
2026-01-23 18:22:00 [ERROR] [task_manager:log_resource_usage:154] [Thread-2 (_monitor_resources)] 获取资源使用情况失败: No module named 'psutil'
2026-01-23 18:23:00 [ERROR] [task_manager:log_resource_usage:154] [Thread-2 (_monitor_resources)] 获取资源使用情况失败: No module named 'psutil'
2026-01-23 18:23:00 [ERROR] [task_manager:log_resource_usage:154] [Thread-2 (_monitor_resources)] 获取资源使用情况失败: No module named 'psutil'
2026-01-23 18:24:00 [ERROR] [task_manager:log_resource_usage:154] [Thread-2 (_monitor_resources)] 获取资源使用情况失败: No module named 'psutil'
2026-01-23 18:24:01 [ERROR] [task_manager:log_resource_usage:154] [Thread-2 (_monitor_resources)] 获取资源使用情况失败: No module named 'psutil'
2026-01-23 18:25:01 [ERROR] [task_manager:log_resource_usage:154] [Thread-2 (_monitor_resources)] 获取资源使用情况失败: No module named 'psutil'
2026-01-23 18:25:01 [ERROR] [task_manager:log_resource_usage:154] [Thread-2 (_monitor_resources)] 获取资源使用情况失败: No module named 'psutil'
2026-01-23 18:26:01 [ERROR] [task_manager:log_resource_usage:154] [Thread-2 (_monitor_resources)] 获取资源使用情况失败: No module named 'psutil'
2026-01-23 18:26:01 [ERROR] [task_manager:log_resource_usage:154] [Thread-2 (_monitor_resources)] 获取资源使用情况失败: No module named 'psutil'
2026-01-23 18:27:01 [ERROR] [task_manager:log_resource_usage:154] [Thread-2 (_monitor_resources)] 获取资源使用情况失败: No module named 'psutil'
2026-01-23 18:27:01 [ERROR] [task_manager:log_resource_usage:154] [Thread-2 (_monitor_resources)] 获取资源使用情况失败: No module named 'psutil'
2026-01-23 18:28:01 [ERROR] [task_manager:log_resource_usage:154] [Thread-2 (_monitor_resources)] 获取资源使用情况失败: No module named 'psutil'
2026-01-23 18:28:01 [ERROR] [task_manager:log_resource_usage:154] [Thread-2 (_monitor_resources)] 获取资源使用情况失败: No module named 'psutil'
2026-01-23 18:29:01 [ERROR] [task_manager:log_resource_usage:154] [Thread-2 (_monitor_resources)] 获取资源使用情况失败: No module named 'psutil'
2026-01-23 18:29:01 [ERROR] [task_manager:log_resource_usage:154] [Thread-2 (_monitor_resources)] 获取资源使用情况失败: No module named 'psutil'
2026-01-23 18:31:50 [ERROR] [app_task_service:log_resource_usage:163] [Thread-2 (_monitor_resources)] 获取资源使用情况失败: No module named 'psutil'
2026-01-23 18:31:50 [ERROR] [app_task_service:log_resource_usage:163] [Thread-2 (_monitor_resources)] 获取资源使用情况失败: No module named 'psutil'
2026-01-24 11:14:21 [ERROR] [api.v1.api_missions:create_api_mission:71] [MainThread] 创建任务失败: module 'services.api_task_service' has no attribute 'create_mission'
2026-01-24 11:15:57 [ERROR] [api.v1.api_missions:create_api_mission:71] [MainThread] 创建任务失败: module 'services.api_task_service' has no attribute 'create_mission'
2026-01-24 11:22:45 [ERROR] [app_task_service:_poll_task_status:706] [Thread-8 (_execute_task_with_id)] ❌ 任务 #310 第 5 次执行遇到未知状态码 777
2026-01-24 11:22:45 [ERROR] [app_task_service:_poll_task_status:735] [Thread-8 (_execute_task_with_id)] ❌ 任务 #310 第 5 次执行遇到未知状态，准备重试（5 次剩余）: 未知的状态码: 777, 消息: ttt
2026-01-24 11:22:55 [ERROR] [app_task_service:_poll_task_status:706] [Thread-9 (_execute_task_with_id)] ❌ 任务 #310 第 5 次执行遇到未知状态码 777
2026-01-24 11:22:55 [ERROR] [api.v1.api_missions:create_api_mission:71] [MainThread] 创建任务失败: module 'services.api_task_service' has no attribute 'create_mission'
2026-01-24 11:22:55 [ERROR] [app_task_service:_poll_task_status:735] [Thread-9 (_execute_task_with_id)] ❌ 任务 #310 第 5 次执行遇到未知状态，准备重试（4 次剩余）: 未知的状态码: 777, 消息: ttt
2026-01-24 11:25:01 [ERROR] [api_task_service:_submit_item:258] [Thread-4 (_execute_mission)] ❌ 提交子任务 #1 失败: dictionary update sequence element #0 has length 1; 2 is required
2026-01-24 11:25:02 [ERROR] [api_task_service:_execute_mission:211] [Thread-4 (_execute_mission)] ❌ 执行 API任务 #1 出错: dictionary update sequence element #0 has length 1; 2 is required
2026-01-24 11:46:27 [ERROR] [api_task_service:_poll_item:327] [Thread-4 (_execute_mission)] ❌ 轮询子任务 #4 出错: 任务失败: 参数验证失败
2026-01-24 11:47:38 [ERROR] [api.v1.api_missions:download_api_mission_results:224] [MainThread] 下载结果失败: 'latin-1' codec can't encode characters in position 21-23: ordinal not in range(256)
2026-01-24 11:49:53 [ERROR] [api_task_service:_submit_item:262] [Thread-4 (_execute_mission)] ❌ 提交子任务 #1 失败: 提交失败: 缺少必需参数: imageUrl
2026-01-24 11:49:53 [ERROR] [api_task_service:_execute_mission:211] [Thread-4 (_execute_mission)] ❌ 执行 API任务 #6 出错: 提交失败: 缺少必需参数: imageUrl
2026-01-24 11:53:59 [ERROR] [api_task_service:_submit_item:262] [Thread-5 (_execute_mission)] ❌ 提交子任务 #1 失败: 提交失败: 缺少必需参数: imageUrl
2026-01-24 11:53:59 [ERROR] [api_task_service:_execute_mission:211] [Thread-5 (_execute_mission)] ❌ 执行 API任务 #7 出错: 提交失败: 缺少必需参数: imageUrl
2026-01-24 15:12:21 [ERROR] [api.v1.api_missions:download_api_mission_results:224] [MainThread] 下载结果失败: 'latin-1' codec can't encode characters in position 21-23: ordinal not in range(256)
2026-01-24 15:22:14 [ERROR] [api_task_service:_polling_worker:378] [Polling-Item-44] ❌ 子任务 #2 失败: 资源不足
2026-01-24 15:28:44 [ERROR] [api_task_service:_polling_worker:378] [Polling-Item-80] ❌ 子任务 #34 失败: API 服务暂时不可用
2026-01-24 15:28:45 [ERROR] [api_task_service:_polling_worker:378] [Polling-Item-62] ❌ 子任务 #16 失败: API 服务暂时不可用
2026-01-24 15:28:47 [ERROR] [api_task_service:_polling_worker:378] [Polling-Item-78] ❌ 子任务 #32 失败: 模型服务异常
2026-01-24 15:28:49 [ERROR] [api_task_service:_polling_worker:378] [Polling-Item-66] ❌ 子任务 #20 失败: 模型服务异常
2026-01-24 15:28:50 [ERROR] [api_task_service:_polling_worker:378] [Polling-Item-76] ❌ 子任务 #30 失败: 模型服务异常
2026-01-24 15:28:51 [ERROR] [api_task_service:_polling_worker:378] [Polling-Item-87] ❌ 子任务 #41 失败: 参数验证失败
2026-01-24 15:28:51 [ERROR] [api_task_service:_polling_worker:378] [Polling-Item-54] ❌ 子任务 #8 失败: 资源不足
2026-01-24 15:28:52 [ERROR] [api_task_service:_polling_worker:378] [Polling-Item-60] ❌ 子任务 #14 失败: API 服务暂时不可用
2026-01-24 15:28:54 [ERROR] [api_task_service:_polling_worker:378] [Polling-Item-51] ❌ 子任务 #5 失败: 内容审核未通过
2026-01-24 15:28:55 [ERROR] [api_task_service:_polling_worker:378] [Polling-Item-74] ❌ 子任务 #28 失败: 生成超时
2026-01-24 15:28:57 [ERROR] [api_task_service:_polling_worker:378] [Polling-Item-79] ❌ 子任务 #33 失败: 资源不足
